16-Apr-2024 12:27:10.920 INFO [main] org.apache.catalina.startup.VersionLoggerListener.log Server version name:   Apache Tomcat/10.1.20
16-Apr-2024 12:27:10.922 INFO [main] org.apache.catalina.startup.VersionLoggerListener.log Server built:          Mar 19 2024 12:49:58 UTC
16-Apr-2024 12:27:10.923 INFO [main] org.apache.catalina.startup.VersionLoggerListener.log Server version number: 10.1.20.0
16-Apr-2024 12:27:10.923 INFO [main] org.apache.catalina.startup.VersionLoggerListener.log OS Name:               Linux
16-Apr-2024 12:27:10.923 INFO [main] org.apache.catalina.startup.VersionLoggerListener.log OS Version:            4.18.0-513.9.1.el8_9.x86_64
16-Apr-2024 12:27:10.923 INFO [main] org.apache.catalina.startup.VersionLoggerListener.log Architecture:          amd64
16-Apr-2024 12:27:10.923 INFO [main] org.apache.catalina.startup.VersionLoggerListener.log Java Home:             /usr/lib/jvm/java-11-openjdk-11.0.21.0.9-2.el8.x86_64
16-Apr-2024 12:27:10.923 INFO [main] org.apache.catalina.startup.VersionLoggerListener.log JVM Version:           11.0.21+9-LTS
16-Apr-2024 12:27:10.923 INFO [main] org.apache.catalina.startup.VersionLoggerListener.log JVM Vendor:            Red Hat, Inc.
16-Apr-2024 12:27:10.923 INFO [main] org.apache.catalina.startup.VersionLoggerListener.log CATALINA_BASE:         /net/home/cdavis002/CS331/Tarp/TarpaulinLMS/WebServer
16-Apr-2024 12:27:10.923 INFO [main] org.apache.catalina.startup.VersionLoggerListener.log CATALINA_HOME:         /net/home/cdavis002/CS331/Tarp/TarpaulinLMS/WebServer
16-Apr-2024 12:27:10.973 INFO [main] org.apache.catalina.startup.VersionLoggerListener.log Command line argument: -Djava.util.logging.config.file=/home/cdavis002/CS331/Tarp/TarpaulinLMS/WebServer/conf/logging.properties
16-Apr-2024 12:27:10.973 INFO [main] org.apache.catalina.startup.VersionLoggerListener.log Command line argument: -Djava.util.logging.manager=org.apache.juli.ClassLoaderLogManager
16-Apr-2024 12:27:10.973 INFO [main] org.apache.catalina.startup.VersionLoggerListener.log Command line argument: -Djdk.tls.ephemeralDHKeySize=2048
16-Apr-2024 12:27:10.973 INFO [main] org.apache.catalina.startup.VersionLoggerListener.log Command line argument: -Djava.protocol.handler.pkgs=org.apache.catalina.webresources
16-Apr-2024 12:27:10.973 INFO [main] org.apache.catalina.startup.VersionLoggerListener.log Command line argument: -Dorg.apache.catalina.security.SecurityListener.UMASK=0027
16-Apr-2024 12:27:10.973 INFO [main] org.apache.catalina.startup.VersionLoggerListener.log Command line argument: --add-opens=java.base/java.lang=ALL-UNNAMED
16-Apr-2024 12:27:10.973 INFO [main] org.apache.catalina.startup.VersionLoggerListener.log Command line argument: --add-opens=java.base/java.io=ALL-UNNAMED
16-Apr-2024 12:27:10.973 INFO [main] org.apache.catalina.startup.VersionLoggerListener.log Command line argument: --add-opens=java.base/java.util=ALL-UNNAMED
16-Apr-2024 12:27:10.973 INFO [main] org.apache.catalina.startup.VersionLoggerListener.log Command line argument: --add-opens=java.base/java.util.concurrent=ALL-UNNAMED
16-Apr-2024 12:27:10.977 INFO [main] org.apache.catalina.startup.VersionLoggerListener.log Command line argument: --add-opens=java.rmi/sun.rmi.transport=ALL-UNNAMED
16-Apr-2024 12:27:10.977 INFO [main] org.apache.catalina.startup.VersionLoggerListener.log Command line argument: -Dcatalina.base=/home/cdavis002/CS331/Tarp/TarpaulinLMS/WebServer
16-Apr-2024 12:27:10.977 INFO [main] org.apache.catalina.startup.VersionLoggerListener.log Command line argument: -Dcatalina.home=/home/cdavis002/CS331/Tarp/TarpaulinLMS/WebServer
16-Apr-2024 12:27:10.977 INFO [main] org.apache.catalina.startup.VersionLoggerListener.log Command line argument: -Djava.io.tmpdir=/home/cdavis002/CS331/Tarp/TarpaulinLMS/WebServer/temp
16-Apr-2024 12:27:10.993 INFO [main] org.apache.catalina.core.AprLifecycleListener.lifecycleEvent An older version [1.2.35] of the Apache Tomcat Native library is installed, while Tomcat recommends a minimum version of [2.0.5]
16-Apr-2024 12:27:10.993 INFO [main] org.apache.catalina.core.AprLifecycleListener.lifecycleEvent Loaded Apache Tomcat Native library [1.2.35] using APR version [1.6.3].
16-Apr-2024 12:27:10.997 INFO [main] org.apache.catalina.core.AprLifecycleListener.initializeSSL OpenSSL successfully initialized [OpenSSL 1.1.1k  FIPS 25 Mar 2021]
16-Apr-2024 12:27:11.365 INFO [main] org.apache.coyote.AbstractProtocol.init Initializing ProtocolHandler ["http-nio-8080"]
16-Apr-2024 12:27:11.409 INFO [main] org.apache.catalina.startup.Catalina.load Server initialization in [1000] milliseconds
16-Apr-2024 12:27:11.476 INFO [main] org.apache.catalina.core.StandardService.startInternal Starting service [Catalina]
16-Apr-2024 12:27:11.476 INFO [main] org.apache.catalina.core.StandardEngine.startInternal Starting Servlet engine: [Apache Tomcat/10.1.20]
16-Apr-2024 12:27:11.491 INFO [main] org.apache.catalina.startup.HostConfig.deployDirectory Deploying web application directory [/net/home/cdavis002/CS331/Tarp/TarpaulinLMS/WebServer/webapps/ROOT]
16-Apr-2024 12:27:12.587 INFO [main] org.apache.jasper.servlet.TldScanner.scanJars At least one JAR was scanned for TLDs yet contained no TLDs. Enable debug logging for this logger for a complete list of JARs that were scanned but no TLDs were found in them. Skipping unneeded JARs during scanning can improve startup time and JSP compilation time.
16-Apr-2024 12:27:12.688 INFO [main] org.apache.catalina.startup.HostConfig.deployDirectory Deployment of web application directory [/net/home/cdavis002/CS331/Tarp/TarpaulinLMS/WebServer/webapps/ROOT] has finished in [1,196] ms
16-Apr-2024 12:27:12.693 INFO [main] org.apache.coyote.AbstractProtocol.start Starting ProtocolHandler ["http-nio-8080"]
16-Apr-2024 12:27:12.713 INFO [main] org.apache.catalina.startup.Catalina.start Server startup in [1303] milliseconds
16-Apr-2024 13:48:37.639 INFO [main] org.apache.catalina.startup.VersionLoggerListener.log Server version name:   Apache Tomcat/10.1.20
16-Apr-2024 13:48:37.692 INFO [main] org.apache.catalina.startup.VersionLoggerListener.log Server built:          Mar 19 2024 12:49:58 UTC
16-Apr-2024 13:48:37.692 INFO [main] org.apache.catalina.startup.VersionLoggerListener.log Server version number: 10.1.20.0
16-Apr-2024 13:48:37.692 INFO [main] org.apache.catalina.startup.VersionLoggerListener.log OS Name:               Linux
16-Apr-2024 13:48:37.692 INFO [main] org.apache.catalina.startup.VersionLoggerListener.log OS Version:            4.18.0-513.9.1.el8_9.x86_64
16-Apr-2024 13:48:37.692 INFO [main] org.apache.catalina.startup.VersionLoggerListener.log Architecture:          amd64
16-Apr-2024 13:48:37.692 INFO [main] org.apache.catalina.startup.VersionLoggerListener.log Java Home:             /usr/lib/jvm/java-11-openjdk-11.0.21.0.9-2.el8.x86_64
16-Apr-2024 13:48:37.692 INFO [main] org.apache.catalina.startup.VersionLoggerListener.log JVM Version:           11.0.21+9-LTS
16-Apr-2024 13:48:37.692 INFO [main] org.apache.catalina.startup.VersionLoggerListener.log JVM Vendor:            Red Hat, Inc.
16-Apr-2024 13:48:37.692 INFO [main] org.apache.catalina.startup.VersionLoggerListener.log CATALINA_BASE:         /net/home/cdavis002/CS331/Tarp/TarpaulinLMS/WebServer
16-Apr-2024 13:48:37.692 INFO [main] org.apache.catalina.startup.VersionLoggerListener.log CATALINA_HOME:         /net/home/cdavis002/CS331/Tarp/TarpaulinLMS/WebServer
16-Apr-2024 13:48:37.792 INFO [main] org.apache.catalina.startup.VersionLoggerListener.log Command line argument: -Djava.util.logging.config.file=/home/cdavis002/CS331/Tarp/TarpaulinLMS/WebServer/conf/logging.properties
16-Apr-2024 13:48:37.792 INFO [main] org.apache.catalina.startup.VersionLoggerListener.log Command line argument: -Djava.util.logging.manager=org.apache.juli.ClassLoaderLogManager
16-Apr-2024 13:48:37.792 INFO [main] org.apache.catalina.startup.VersionLoggerListener.log Command line argument: -Djdk.tls.ephemeralDHKeySize=2048
16-Apr-2024 13:48:37.792 INFO [main] org.apache.catalina.startup.VersionLoggerListener.log Command line argument: -Djava.protocol.handler.pkgs=org.apache.catalina.webresources
16-Apr-2024 13:48:37.792 INFO [main] org.apache.catalina.startup.VersionLoggerListener.log Command line argument: -Dorg.apache.catalina.security.SecurityListener.UMASK=0027
16-Apr-2024 13:48:37.793 INFO [main] org.apache.catalina.startup.VersionLoggerListener.log Command line argument: --add-opens=java.base/java.lang=ALL-UNNAMED
16-Apr-2024 13:48:37.793 INFO [main] org.apache.catalina.startup.VersionLoggerListener.log Command line argument: --add-opens=java.base/java.io=ALL-UNNAMED
16-Apr-2024 13:48:37.793 INFO [main] org.apache.catalina.startup.VersionLoggerListener.log Command line argument: --add-opens=java.base/java.util=ALL-UNNAMED
16-Apr-2024 13:48:37.793 INFO [main] org.apache.catalina.startup.VersionLoggerListener.log Command line argument: --add-opens=java.base/java.util.concurrent=ALL-UNNAMED
16-Apr-2024 13:48:37.793 INFO [main] org.apache.catalina.startup.VersionLoggerListener.log Command line argument: --add-opens=java.rmi/sun.rmi.transport=ALL-UNNAMED
16-Apr-2024 13:48:37.793 INFO [main] org.apache.catalina.startup.VersionLoggerListener.log Command line argument: -Dcatalina.base=/home/cdavis002/CS331/Tarp/TarpaulinLMS/WebServer
16-Apr-2024 13:48:37.793 INFO [main] org.apache.catalina.startup.VersionLoggerListener.log Command line argument: -Dcatalina.home=/home/cdavis002/CS331/Tarp/TarpaulinLMS/WebServer
16-Apr-2024 13:48:37.793 INFO [main] org.apache.catalina.startup.VersionLoggerListener.log Command line argument: -Djava.io.tmpdir=/home/cdavis002/CS331/Tarp/TarpaulinLMS/WebServer/temp
16-Apr-2024 13:48:37.817 INFO [main] org.apache.catalina.core.AprLifecycleListener.lifecycleEvent An older version [1.2.35] of the Apache Tomcat Native library is installed, while Tomcat recommends a minimum version of [2.0.5]
16-Apr-2024 13:48:37.817 INFO [main] org.apache.catalina.core.AprLifecycleListener.lifecycleEvent Loaded Apache Tomcat Native library [1.2.35] using APR version [1.6.3].
16-Apr-2024 13:48:37.819 INFO [main] org.apache.catalina.core.AprLifecycleListener.initializeSSL OpenSSL successfully initialized [OpenSSL 1.1.1k  FIPS 25 Mar 2021]
16-Apr-2024 13:48:38.688 INFO [main] org.apache.coyote.AbstractProtocol.init Initializing ProtocolHandler ["http-nio-8080"]
16-Apr-2024 13:48:38.838 INFO [main] org.apache.catalina.startup.Catalina.load Server initialization in [2179] milliseconds
16-Apr-2024 13:48:39.174 INFO [main] org.apache.catalina.core.StandardService.startInternal Starting service [Catalina]
16-Apr-2024 13:48:39.174 INFO [main] org.apache.catalina.core.StandardEngine.startInternal Starting Servlet engine: [Apache Tomcat/10.1.20]
16-Apr-2024 13:48:39.299 INFO [main] org.apache.catalina.startup.HostConfig.deployDirectory Deploying web application directory [/net/home/cdavis002/CS331/Tarp/TarpaulinLMS/WebServer/webapps/ROOT]
16-Apr-2024 13:48:42.004 INFO [main] org.apache.jasper.servlet.TldScanner.scanJars At least one JAR was scanned for TLDs yet contained no TLDs. Enable debug logging for this logger for a complete list of JARs that were scanned but no TLDs were found in them. Skipping unneeded JARs during scanning can improve startup time and JSP compilation time.
16-Apr-2024 13:48:42.449 INFO [main] org.apache.catalina.startup.HostConfig.deployDirectory Deployment of web application directory [/net/home/cdavis002/CS331/Tarp/TarpaulinLMS/WebServer/webapps/ROOT] has finished in [3,149] ms
16-Apr-2024 13:48:42.488 INFO [main] org.apache.coyote.AbstractProtocol.start Starting ProtocolHandler ["http-nio-8080"]
16-Apr-2024 13:48:42.774 INFO [main] org.apache.catalina.startup.Catalina.start Server startup in [3935] milliseconds
