21-Apr-2024 14:14:59.772 INFO [main] org.apache.catalina.startup.VersionLoggerListener.log Server version name:   Apache Tomcat/10.1.20
21-Apr-2024 14:14:59.780 INFO [main] org.apache.catalina.startup.VersionLoggerListener.log Server built:          Mar 19 2024 12:49:58 UTC
21-Apr-2024 14:14:59.780 INFO [main] org.apache.catalina.startup.VersionLoggerListener.log Server version number: 10.1.20.0
21-Apr-2024 14:14:59.780 INFO [main] org.apache.catalina.startup.VersionLoggerListener.log OS Name:               Linux
21-Apr-2024 14:14:59.780 INFO [main] org.apache.catalina.startup.VersionLoggerListener.log OS Version:            4.18.0-513.9.1.el8_9.x86_64
21-Apr-2024 14:14:59.780 INFO [main] org.apache.catalina.startup.VersionLoggerListener.log Architecture:          amd64
21-Apr-2024 14:14:59.780 INFO [main] org.apache.catalina.startup.VersionLoggerListener.log Java Home:             /usr/lib/jvm/java-11-openjdk-11.0.21.0.9-2.el8.x86_64
21-Apr-2024 14:14:59.780 INFO [main] org.apache.catalina.startup.VersionLoggerListener.log JVM Version:           11.0.21+9-LTS
21-Apr-2024 14:14:59.780 INFO [main] org.apache.catalina.startup.VersionLoggerListener.log JVM Vendor:            Red Hat, Inc.
21-Apr-2024 14:14:59.781 INFO [main] org.apache.catalina.startup.VersionLoggerListener.log CATALINA_BASE:         /net/home/dbartness001/CS331/TarpaulinLMS/WebServer
21-Apr-2024 14:14:59.781 INFO [main] org.apache.catalina.startup.VersionLoggerListener.log CATALINA_HOME:         /net/home/dbartness001/CS331/TarpaulinLMS/WebServer
21-Apr-2024 14:14:59.803 INFO [main] org.apache.catalina.startup.VersionLoggerListener.log Command line argument: -Djava.util.logging.config.file=/home/dbartness001/CS331/TarpaulinLMS/WebServer/conf/logging.properties
21-Apr-2024 14:14:59.804 INFO [main] org.apache.catalina.startup.VersionLoggerListener.log Command line argument: -Djava.util.logging.manager=org.apache.juli.ClassLoaderLogManager
21-Apr-2024 14:14:59.804 INFO [main] org.apache.catalina.startup.VersionLoggerListener.log Command line argument: -Djdk.tls.ephemeralDHKeySize=2048
21-Apr-2024 14:14:59.804 INFO [main] org.apache.catalina.startup.VersionLoggerListener.log Command line argument: -Djava.protocol.handler.pkgs=org.apache.catalina.webresources
21-Apr-2024 14:14:59.804 INFO [main] org.apache.catalina.startup.VersionLoggerListener.log Command line argument: -Dorg.apache.catalina.security.SecurityListener.UMASK=0027
21-Apr-2024 14:14:59.804 INFO [main] org.apache.catalina.startup.VersionLoggerListener.log Command line argument: --add-opens=java.base/java.lang=ALL-UNNAMED
21-Apr-2024 14:14:59.804 INFO [main] org.apache.catalina.startup.VersionLoggerListener.log Command line argument: --add-opens=java.base/java.io=ALL-UNNAMED
21-Apr-2024 14:14:59.804 INFO [main] org.apache.catalina.startup.VersionLoggerListener.log Command line argument: --add-opens=java.base/java.util=ALL-UNNAMED
21-Apr-2024 14:14:59.804 INFO [main] org.apache.catalina.startup.VersionLoggerListener.log Command line argument: --add-opens=java.base/java.util.concurrent=ALL-UNNAMED
21-Apr-2024 14:14:59.804 INFO [main] org.apache.catalina.startup.VersionLoggerListener.log Command line argument: --add-opens=java.rmi/sun.rmi.transport=ALL-UNNAMED
21-Apr-2024 14:14:59.804 INFO [main] org.apache.catalina.startup.VersionLoggerListener.log Command line argument: -Dcatalina.base=/home/dbartness001/CS331/TarpaulinLMS/WebServer
21-Apr-2024 14:14:59.804 INFO [main] org.apache.catalina.startup.VersionLoggerListener.log Command line argument: -Dcatalina.home=/home/dbartness001/CS331/TarpaulinLMS/WebServer
21-Apr-2024 14:14:59.805 INFO [main] org.apache.catalina.startup.VersionLoggerListener.log Command line argument: -Djava.io.tmpdir=/home/dbartness001/CS331/TarpaulinLMS/WebServer/temp
21-Apr-2024 14:14:59.842 INFO [main] org.apache.catalina.core.AprLifecycleListener.lifecycleEvent An older version [1.2.35] of the Apache Tomcat Native library is installed, while Tomcat recommends a minimum version of [2.0.5]
21-Apr-2024 14:14:59.842 INFO [main] org.apache.catalina.core.AprLifecycleListener.lifecycleEvent Loaded Apache Tomcat Native library [1.2.35] using APR version [1.6.3].
21-Apr-2024 14:14:59.848 INFO [main] org.apache.catalina.core.AprLifecycleListener.initializeSSL OpenSSL successfully initialized [OpenSSL 1.1.1k  FIPS 25 Mar 2021]
21-Apr-2024 14:15:00.158 INFO [main] org.apache.coyote.AbstractProtocol.init Initializing ProtocolHandler ["http-nio-8080"]
21-Apr-2024 14:15:00.186 INFO [main] org.apache.catalina.startup.Catalina.load Server initialization in [757] milliseconds
21-Apr-2024 14:15:00.228 INFO [main] org.apache.catalina.core.StandardService.startInternal Starting service [Catalina]
21-Apr-2024 14:15:00.229 INFO [main] org.apache.catalina.core.StandardEngine.startInternal Starting Servlet engine: [Apache Tomcat/10.1.20]
21-Apr-2024 14:15:00.242 INFO [main] org.apache.catalina.startup.HostConfig.deployDirectory Deploying web application directory [/net/home/dbartness001/CS331/TarpaulinLMS/WebServer/webapps/ROOT]
21-Apr-2024 14:15:01.236 INFO [main] org.apache.jasper.servlet.TldScanner.scanJars At least one JAR was scanned for TLDs yet contained no TLDs. Enable debug logging for this logger for a complete list of JARs that were scanned but no TLDs were found in them. Skipping unneeded JARs during scanning can improve startup time and JSP compilation time.
21-Apr-2024 14:15:01.352 INFO [main] org.apache.catalina.startup.HostConfig.deployDirectory Deployment of web application directory [/net/home/dbartness001/CS331/TarpaulinLMS/WebServer/webapps/ROOT] has finished in [1,109] ms
21-Apr-2024 14:15:01.356 INFO [main] org.apache.coyote.AbstractProtocol.start Starting ProtocolHandler ["http-nio-8080"]
21-Apr-2024 14:15:01.378 INFO [main] org.apache.catalina.startup.Catalina.start Server startup in [1191] milliseconds
