18-Apr-2024 09:35:58.991 INFO [main] org.apache.catalina.startup.VersionLoggerListener.log Server version name:   Apache Tomcat/10.1.20
18-Apr-2024 09:35:58.993 INFO [main] org.apache.catalina.startup.VersionLoggerListener.log Server built:          Mar 19 2024 12:49:58 UTC
18-Apr-2024 09:35:58.993 INFO [main] org.apache.catalina.startup.VersionLoggerListener.log Server version number: 10.1.20.0
18-Apr-2024 09:35:58.993 INFO [main] org.apache.catalina.startup.VersionLoggerListener.log OS Name:               Linux
18-Apr-2024 09:35:58.993 INFO [main] org.apache.catalina.startup.VersionLoggerListener.log OS Version:            4.18.0-513.9.1.el8_9.x86_64
18-Apr-2024 09:35:58.993 INFO [main] org.apache.catalina.startup.VersionLoggerListener.log Architecture:          amd64
18-Apr-2024 09:35:58.994 INFO [main] org.apache.catalina.startup.VersionLoggerListener.log Java Home:             /usr/lib/jvm/java-11-openjdk-11.0.21.0.9-2.el8.x86_64
18-Apr-2024 09:35:58.994 INFO [main] org.apache.catalina.startup.VersionLoggerListener.log JVM Version:           11.0.21+9-LTS
18-Apr-2024 09:35:58.994 INFO [main] org.apache.catalina.startup.VersionLoggerListener.log JVM Vendor:            Red Hat, Inc.
18-Apr-2024 09:35:58.994 INFO [main] org.apache.catalina.startup.VersionLoggerListener.log CATALINA_BASE:         /net/home/kmaahs001/Databases/ProjectPlease/WebServer
18-Apr-2024 09:35:58.994 INFO [main] org.apache.catalina.startup.VersionLoggerListener.log CATALINA_HOME:         /net/home/kmaahs001/Databases/ProjectPlease/WebServer
18-Apr-2024 09:35:59.017 INFO [main] org.apache.catalina.startup.VersionLoggerListener.log Command line argument: -Djava.util.logging.config.file=/home/kmaahs001/Databases/ProjectPlease/WebServer/conf/logging.properties
18-Apr-2024 09:35:59.017 INFO [main] org.apache.catalina.startup.VersionLoggerListener.log Command line argument: -Djava.util.logging.manager=org.apache.juli.ClassLoaderLogManager
18-Apr-2024 09:35:59.017 INFO [main] org.apache.catalina.startup.VersionLoggerListener.log Command line argument: -Djdk.tls.ephemeralDHKeySize=2048
18-Apr-2024 09:35:59.017 INFO [main] org.apache.catalina.startup.VersionLoggerListener.log Command line argument: -Djava.protocol.handler.pkgs=org.apache.catalina.webresources
18-Apr-2024 09:35:59.017 INFO [main] org.apache.catalina.startup.VersionLoggerListener.log Command line argument: -Dorg.apache.catalina.security.SecurityListener.UMASK=0027
18-Apr-2024 09:35:59.017 INFO [main] org.apache.catalina.startup.VersionLoggerListener.log Command line argument: --add-opens=java.base/java.lang=ALL-UNNAMED
18-Apr-2024 09:35:59.017 INFO [main] org.apache.catalina.startup.VersionLoggerListener.log Command line argument: --add-opens=java.base/java.io=ALL-UNNAMED
18-Apr-2024 09:35:59.017 INFO [main] org.apache.catalina.startup.VersionLoggerListener.log Command line argument: --add-opens=java.base/java.util=ALL-UNNAMED
18-Apr-2024 09:35:59.017 INFO [main] org.apache.catalina.startup.VersionLoggerListener.log Command line argument: --add-opens=java.base/java.util.concurrent=ALL-UNNAMED
18-Apr-2024 09:35:59.018 INFO [main] org.apache.catalina.startup.VersionLoggerListener.log Command line argument: --add-opens=java.rmi/sun.rmi.transport=ALL-UNNAMED
18-Apr-2024 09:35:59.018 INFO [main] org.apache.catalina.startup.VersionLoggerListener.log Command line argument: -Dcatalina.base=/home/kmaahs001/Databases/ProjectPlease/WebServer
18-Apr-2024 09:35:59.018 INFO [main] org.apache.catalina.startup.VersionLoggerListener.log Command line argument: -Dcatalina.home=/home/kmaahs001/Databases/ProjectPlease/WebServer
18-Apr-2024 09:35:59.018 INFO [main] org.apache.catalina.startup.VersionLoggerListener.log Command line argument: -Djava.io.tmpdir=/home/kmaahs001/Databases/ProjectPlease/WebServer/temp
18-Apr-2024 09:35:59.036 INFO [main] org.apache.catalina.core.AprLifecycleListener.lifecycleEvent An older version [1.2.35] of the Apache Tomcat Native library is installed, while Tomcat recommends a minimum version of [2.0.5]
18-Apr-2024 09:35:59.036 INFO [main] org.apache.catalina.core.AprLifecycleListener.lifecycleEvent Loaded Apache Tomcat Native library [1.2.35] using APR version [1.6.3].
18-Apr-2024 09:35:59.041 INFO [main] org.apache.catalina.core.AprLifecycleListener.initializeSSL OpenSSL successfully initialized [OpenSSL 1.1.1k  FIPS 25 Mar 2021]
18-Apr-2024 09:35:59.427 INFO [main] org.apache.coyote.AbstractProtocol.init Initializing ProtocolHandler ["http-nio-8080"]
18-Apr-2024 09:35:59.457 INFO [main] org.apache.catalina.startup.Catalina.load Server initialization in [763] milliseconds
18-Apr-2024 09:35:59.510 INFO [main] org.apache.catalina.core.StandardService.startInternal Starting service [Catalina]
18-Apr-2024 09:35:59.510 INFO [main] org.apache.catalina.core.StandardEngine.startInternal Starting Servlet engine: [Apache Tomcat/10.1.20]
18-Apr-2024 09:35:59.525 INFO [main] org.apache.catalina.startup.HostConfig.deployDirectory Deploying web application directory [/net/home/kmaahs001/Databases/ProjectPlease/WebServer/webapps/ROOT]
18-Apr-2024 09:36:00.396 INFO [main] org.apache.jasper.servlet.TldScanner.scanJars At least one JAR was scanned for TLDs yet contained no TLDs. Enable debug logging for this logger for a complete list of JARs that were scanned but no TLDs were found in them. Skipping unneeded JARs during scanning can improve startup time and JSP compilation time.
18-Apr-2024 09:36:00.491 INFO [main] org.apache.catalina.startup.HostConfig.deployDirectory Deployment of web application directory [/net/home/kmaahs001/Databases/ProjectPlease/WebServer/webapps/ROOT] has finished in [965] ms
18-Apr-2024 09:36:00.497 INFO [main] org.apache.coyote.AbstractProtocol.start Starting ProtocolHandler ["http-nio-8080"]
18-Apr-2024 09:36:00.551 INFO [main] org.apache.catalina.startup.Catalina.start Server startup in [1093] milliseconds
