17-Apr-2024 13:58:59.935 INFO [main] org.apache.catalina.startup.VersionLoggerListener.log Server version name:   Apache Tomcat/10.1.20
17-Apr-2024 13:58:59.939 INFO [main] org.apache.catalina.startup.VersionLoggerListener.log Server built:          Mar 19 2024 12:49:58 UTC
17-Apr-2024 13:58:59.939 INFO [main] org.apache.catalina.startup.VersionLoggerListener.log Server version number: 10.1.20.0
17-Apr-2024 13:58:59.939 INFO [main] org.apache.catalina.startup.VersionLoggerListener.log OS Name:               Linux
17-Apr-2024 13:58:59.939 INFO [main] org.apache.catalina.startup.VersionLoggerListener.log OS Version:            4.18.0-513.9.1.el8_9.x86_64
17-Apr-2024 13:58:59.939 INFO [main] org.apache.catalina.startup.VersionLoggerListener.log Architecture:          amd64
17-Apr-2024 13:58:59.939 INFO [main] org.apache.catalina.startup.VersionLoggerListener.log Java Home:             /usr/lib/jvm/java-11-openjdk-11.0.21.0.9-2.el8.x86_64
17-Apr-2024 13:58:59.939 INFO [main] org.apache.catalina.startup.VersionLoggerListener.log JVM Version:           11.0.21+9-LTS
17-Apr-2024 13:58:59.939 INFO [main] org.apache.catalina.startup.VersionLoggerListener.log JVM Vendor:            Red Hat, Inc.
17-Apr-2024 13:58:59.939 INFO [main] org.apache.catalina.startup.VersionLoggerListener.log CATALINA_BASE:         /net/home/rerickson002/CS331/Project/TarpaulinLMS/WebServer
17-Apr-2024 13:58:59.939 INFO [main] org.apache.catalina.startup.VersionLoggerListener.log CATALINA_HOME:         /net/home/rerickson002/CS331/Project/TarpaulinLMS/WebServer
17-Apr-2024 13:58:59.989 INFO [main] org.apache.catalina.startup.VersionLoggerListener.log Command line argument: -Djava.util.logging.config.file=/home/rerickson002/CS331/Project/TarpaulinLMS/WebServer/conf/logging.properties
17-Apr-2024 13:58:59.989 INFO [main] org.apache.catalina.startup.VersionLoggerListener.log Command line argument: -Djava.util.logging.manager=org.apache.juli.ClassLoaderLogManager
17-Apr-2024 13:58:59.990 INFO [main] org.apache.catalina.startup.VersionLoggerListener.log Command line argument: -Djdk.tls.ephemeralDHKeySize=2048
17-Apr-2024 13:58:59.990 INFO [main] org.apache.catalina.startup.VersionLoggerListener.log Command line argument: -Djava.protocol.handler.pkgs=org.apache.catalina.webresources
17-Apr-2024 13:58:59.990 INFO [main] org.apache.catalina.startup.VersionLoggerListener.log Command line argument: -Dorg.apache.catalina.security.SecurityListener.UMASK=0027
17-Apr-2024 13:58:59.990 INFO [main] org.apache.catalina.startup.VersionLoggerListener.log Command line argument: --add-opens=java.base/java.lang=ALL-UNNAMED
17-Apr-2024 13:58:59.990 INFO [main] org.apache.catalina.startup.VersionLoggerListener.log Command line argument: --add-opens=java.base/java.io=ALL-UNNAMED
17-Apr-2024 13:58:59.990 INFO [main] org.apache.catalina.startup.VersionLoggerListener.log Command line argument: --add-opens=java.base/java.util=ALL-UNNAMED
17-Apr-2024 13:58:59.990 INFO [main] org.apache.catalina.startup.VersionLoggerListener.log Command line argument: --add-opens=java.base/java.util.concurrent=ALL-UNNAMED
17-Apr-2024 13:58:59.990 INFO [main] org.apache.catalina.startup.VersionLoggerListener.log Command line argument: --add-opens=java.rmi/sun.rmi.transport=ALL-UNNAMED
17-Apr-2024 13:58:59.990 INFO [main] org.apache.catalina.startup.VersionLoggerListener.log Command line argument: -Dcatalina.base=/home/rerickson002/CS331/Project/TarpaulinLMS/WebServer
17-Apr-2024 13:58:59.990 INFO [main] org.apache.catalina.startup.VersionLoggerListener.log Command line argument: -Dcatalina.home=/home/rerickson002/CS331/Project/TarpaulinLMS/WebServer
17-Apr-2024 13:58:59.990 INFO [main] org.apache.catalina.startup.VersionLoggerListener.log Command line argument: -Djava.io.tmpdir=/home/rerickson002/CS331/Project/TarpaulinLMS/WebServer/temp
17-Apr-2024 13:59:00.021 INFO [main] org.apache.catalina.core.AprLifecycleListener.lifecycleEvent An older version [1.2.35] of the Apache Tomcat Native library is installed, while Tomcat recommends a minimum version of [2.0.5]
17-Apr-2024 13:59:00.022 INFO [main] org.apache.catalina.core.AprLifecycleListener.lifecycleEvent Loaded Apache Tomcat Native library [1.2.35] using APR version [1.6.3].
17-Apr-2024 13:59:00.024 INFO [main] org.apache.catalina.core.AprLifecycleListener.initializeSSL OpenSSL successfully initialized [OpenSSL 1.1.1k  FIPS 25 Mar 2021]
17-Apr-2024 13:59:00.500 INFO [main] org.apache.coyote.AbstractProtocol.init Initializing ProtocolHandler ["http-nio-8080"]
17-Apr-2024 13:59:00.534 INFO [main] org.apache.catalina.startup.Catalina.load Server initialization in [1119] milliseconds
17-Apr-2024 13:59:00.601 INFO [main] org.apache.catalina.core.StandardService.startInternal Starting service [Catalina]
17-Apr-2024 13:59:00.601 INFO [main] org.apache.catalina.core.StandardEngine.startInternal Starting Servlet engine: [Apache Tomcat/10.1.20]
17-Apr-2024 13:59:00.633 INFO [main] org.apache.catalina.startup.HostConfig.deployDirectory Deploying web application directory [/net/home/rerickson002/CS331/Project/TarpaulinLMS/WebServer/webapps/ROOT]
17-Apr-2024 13:59:01.733 INFO [main] org.apache.jasper.servlet.TldScanner.scanJars At least one JAR was scanned for TLDs yet contained no TLDs. Enable debug logging for this logger for a complete list of JARs that were scanned but no TLDs were found in them. Skipping unneeded JARs during scanning can improve startup time and JSP compilation time.
17-Apr-2024 13:59:01.811 INFO [main] org.apache.catalina.startup.HostConfig.deployDirectory Deployment of web application directory [/net/home/rerickson002/CS331/Project/TarpaulinLMS/WebServer/webapps/ROOT] has finished in [1,177] ms
17-Apr-2024 13:59:01.815 INFO [main] org.apache.coyote.AbstractProtocol.start Starting ProtocolHandler ["http-nio-8080"]
17-Apr-2024 13:59:01.858 INFO [main] org.apache.catalina.startup.Catalina.start Server startup in [1323] milliseconds
17-Apr-2024 20:38:33.496 INFO [main] org.apache.catalina.startup.VersionLoggerListener.log Server version name:   Apache Tomcat/10.1.20
17-Apr-2024 20:38:33.503 INFO [main] org.apache.catalina.startup.VersionLoggerListener.log Server built:          Mar 19 2024 12:49:58 UTC
17-Apr-2024 20:38:33.503 INFO [main] org.apache.catalina.startup.VersionLoggerListener.log Server version number: 10.1.20.0
17-Apr-2024 20:38:33.503 INFO [main] org.apache.catalina.startup.VersionLoggerListener.log OS Name:               Linux
17-Apr-2024 20:38:33.503 INFO [main] org.apache.catalina.startup.VersionLoggerListener.log OS Version:            4.18.0-513.9.1.el8_9.x86_64
17-Apr-2024 20:38:33.503 INFO [main] org.apache.catalina.startup.VersionLoggerListener.log Architecture:          amd64
17-Apr-2024 20:38:33.503 INFO [main] org.apache.catalina.startup.VersionLoggerListener.log Java Home:             /usr/lib/jvm/java-11-openjdk-11.0.21.0.9-2.el8.x86_64
17-Apr-2024 20:38:33.504 INFO [main] org.apache.catalina.startup.VersionLoggerListener.log JVM Version:           11.0.21+9-LTS
17-Apr-2024 20:38:33.504 INFO [main] org.apache.catalina.startup.VersionLoggerListener.log JVM Vendor:            Red Hat, Inc.
17-Apr-2024 20:38:33.504 INFO [main] org.apache.catalina.startup.VersionLoggerListener.log CATALINA_BASE:         /net/home/rerickson002/CS331/Project/TarpaulinLMS/WebServer
17-Apr-2024 20:38:33.504 INFO [main] org.apache.catalina.startup.VersionLoggerListener.log CATALINA_HOME:         /net/home/rerickson002/CS331/Project/TarpaulinLMS/WebServer
17-Apr-2024 20:38:33.532 INFO [main] org.apache.catalina.startup.VersionLoggerListener.log Command line argument: -Djava.util.logging.config.file=/home/rerickson002/CS331/Project/TarpaulinLMS/WebServer/conf/logging.properties
17-Apr-2024 20:38:33.532 INFO [main] org.apache.catalina.startup.VersionLoggerListener.log Command line argument: -Djava.util.logging.manager=org.apache.juli.ClassLoaderLogManager
17-Apr-2024 20:38:33.532 INFO [main] org.apache.catalina.startup.VersionLoggerListener.log Command line argument: -Djdk.tls.ephemeralDHKeySize=2048
17-Apr-2024 20:38:33.532 INFO [main] org.apache.catalina.startup.VersionLoggerListener.log Command line argument: -Djava.protocol.handler.pkgs=org.apache.catalina.webresources
17-Apr-2024 20:38:33.532 INFO [main] org.apache.catalina.startup.VersionLoggerListener.log Command line argument: -Dorg.apache.catalina.security.SecurityListener.UMASK=0027
17-Apr-2024 20:38:33.532 INFO [main] org.apache.catalina.startup.VersionLoggerListener.log Command line argument: --add-opens=java.base/java.lang=ALL-UNNAMED
17-Apr-2024 20:38:33.533 INFO [main] org.apache.catalina.startup.VersionLoggerListener.log Command line argument: --add-opens=java.base/java.io=ALL-UNNAMED
17-Apr-2024 20:38:33.533 INFO [main] org.apache.catalina.startup.VersionLoggerListener.log Command line argument: --add-opens=java.base/java.util=ALL-UNNAMED
17-Apr-2024 20:38:33.533 INFO [main] org.apache.catalina.startup.VersionLoggerListener.log Command line argument: --add-opens=java.base/java.util.concurrent=ALL-UNNAMED
17-Apr-2024 20:38:33.533 INFO [main] org.apache.catalina.startup.VersionLoggerListener.log Command line argument: --add-opens=java.rmi/sun.rmi.transport=ALL-UNNAMED
17-Apr-2024 20:38:33.533 INFO [main] org.apache.catalina.startup.VersionLoggerListener.log Command line argument: -Dcatalina.base=/home/rerickson002/CS331/Project/TarpaulinLMS/WebServer
17-Apr-2024 20:38:33.533 INFO [main] org.apache.catalina.startup.VersionLoggerListener.log Command line argument: -Dcatalina.home=/home/rerickson002/CS331/Project/TarpaulinLMS/WebServer
17-Apr-2024 20:38:33.533 INFO [main] org.apache.catalina.startup.VersionLoggerListener.log Command line argument: -Djava.io.tmpdir=/home/rerickson002/CS331/Project/TarpaulinLMS/WebServer/temp
17-Apr-2024 20:38:33.554 INFO [main] org.apache.catalina.core.AprLifecycleListener.lifecycleEvent An older version [1.2.35] of the Apache Tomcat Native library is installed, while Tomcat recommends a minimum version of [2.0.5]
17-Apr-2024 20:38:33.555 INFO [main] org.apache.catalina.core.AprLifecycleListener.lifecycleEvent Loaded Apache Tomcat Native library [1.2.35] using APR version [1.6.3].
17-Apr-2024 20:38:33.557 INFO [main] org.apache.catalina.core.AprLifecycleListener.initializeSSL OpenSSL successfully initialized [OpenSSL 1.1.1k  FIPS 25 Mar 2021]
17-Apr-2024 20:38:33.929 INFO [main] org.apache.coyote.AbstractProtocol.init Initializing ProtocolHandler ["http-nio-8080"]
17-Apr-2024 20:38:33.956 INFO [main] org.apache.catalina.startup.Catalina.load Server initialization in [820] milliseconds
17-Apr-2024 20:38:34.082 INFO [main] org.apache.catalina.core.StandardService.startInternal Starting service [Catalina]
17-Apr-2024 20:38:34.082 INFO [main] org.apache.catalina.core.StandardEngine.startInternal Starting Servlet engine: [Apache Tomcat/10.1.20]
17-Apr-2024 20:38:34.100 INFO [main] org.apache.catalina.startup.HostConfig.deployDirectory Deploying web application directory [/net/home/rerickson002/CS331/Project/TarpaulinLMS/WebServer/webapps/ROOT]
17-Apr-2024 20:38:34.838 INFO [main] org.apache.jasper.servlet.TldScanner.scanJars At least one JAR was scanned for TLDs yet contained no TLDs. Enable debug logging for this logger for a complete list of JARs that were scanned but no TLDs were found in them. Skipping unneeded JARs during scanning can improve startup time and JSP compilation time.
17-Apr-2024 20:38:34.907 INFO [main] org.apache.catalina.startup.HostConfig.deployDirectory Deployment of web application directory [/net/home/rerickson002/CS331/Project/TarpaulinLMS/WebServer/webapps/ROOT] has finished in [807] ms
17-Apr-2024 20:38:34.917 INFO [main] org.apache.coyote.AbstractProtocol.start Starting ProtocolHandler ["http-nio-8080"]
17-Apr-2024 20:38:34.959 INFO [main] org.apache.catalina.startup.Catalina.start Server startup in [1002] milliseconds
