13-Apr-2024 00:00:22.705 INFO [main] org.apache.catalina.startup.VersionLoggerListener.log Server version name:   Apache Tomcat/10.1.20
13-Apr-2024 00:00:22.707 INFO [main] org.apache.catalina.startup.VersionLoggerListener.log Server built:          Mar 19 2024 12:49:58 UTC
13-Apr-2024 00:00:22.707 INFO [main] org.apache.catalina.startup.VersionLoggerListener.log Server version number: 10.1.20.0
13-Apr-2024 00:00:22.707 INFO [main] org.apache.catalina.startup.VersionLoggerListener.log OS Name:               Linux
13-Apr-2024 00:00:22.707 INFO [main] org.apache.catalina.startup.VersionLoggerListener.log OS Version:            4.18.0-513.9.1.el8_9.x86_64
13-Apr-2024 00:00:22.708 INFO [main] org.apache.catalina.startup.VersionLoggerListener.log Architecture:          amd64
13-Apr-2024 00:00:22.708 INFO [main] org.apache.catalina.startup.VersionLoggerListener.log Java Home:             /usr/lib/jvm/java-11-openjdk-11.0.21.0.9-2.el8.x86_64
13-Apr-2024 00:00:22.708 INFO [main] org.apache.catalina.startup.VersionLoggerListener.log JVM Version:           11.0.21+9-LTS
13-Apr-2024 00:00:22.708 INFO [main] org.apache.catalina.startup.VersionLoggerListener.log JVM Vendor:            Red Hat, Inc.
13-Apr-2024 00:00:22.708 INFO [main] org.apache.catalina.startup.VersionLoggerListener.log CATALINA_BASE:         /net/home/dbartness001/CS331/TarpaulinLMS/WebServer
13-Apr-2024 00:00:22.708 INFO [main] org.apache.catalina.startup.VersionLoggerListener.log CATALINA_HOME:         /net/home/dbartness001/CS331/TarpaulinLMS/WebServer
13-Apr-2024 00:00:22.742 INFO [main] org.apache.catalina.startup.VersionLoggerListener.log Command line argument: -Djava.util.logging.config.file=/home/dbartness001/CS331/TarpaulinLMS/WebServer/conf/logging.properties
13-Apr-2024 00:00:22.742 INFO [main] org.apache.catalina.startup.VersionLoggerListener.log Command line argument: -Djava.util.logging.manager=org.apache.juli.ClassLoaderLogManager
13-Apr-2024 00:00:22.743 INFO [main] org.apache.catalina.startup.VersionLoggerListener.log Command line argument: -Djdk.tls.ephemeralDHKeySize=2048
13-Apr-2024 00:00:22.743 INFO [main] org.apache.catalina.startup.VersionLoggerListener.log Command line argument: -Djava.protocol.handler.pkgs=org.apache.catalina.webresources
13-Apr-2024 00:00:22.743 INFO [main] org.apache.catalina.startup.VersionLoggerListener.log Command line argument: -Dorg.apache.catalina.security.SecurityListener.UMASK=0027
13-Apr-2024 00:00:22.743 INFO [main] org.apache.catalina.startup.VersionLoggerListener.log Command line argument: --add-opens=java.base/java.lang=ALL-UNNAMED
13-Apr-2024 00:00:22.743 INFO [main] org.apache.catalina.startup.VersionLoggerListener.log Command line argument: --add-opens=java.base/java.io=ALL-UNNAMED
13-Apr-2024 00:00:22.743 INFO [main] org.apache.catalina.startup.VersionLoggerListener.log Command line argument: --add-opens=java.base/java.util=ALL-UNNAMED
13-Apr-2024 00:00:22.743 INFO [main] org.apache.catalina.startup.VersionLoggerListener.log Command line argument: --add-opens=java.base/java.util.concurrent=ALL-UNNAMED
13-Apr-2024 00:00:22.743 INFO [main] org.apache.catalina.startup.VersionLoggerListener.log Command line argument: --add-opens=java.rmi/sun.rmi.transport=ALL-UNNAMED
13-Apr-2024 00:00:22.743 INFO [main] org.apache.catalina.startup.VersionLoggerListener.log Command line argument: -Dcatalina.base=/home/dbartness001/CS331/TarpaulinLMS/WebServer
13-Apr-2024 00:00:22.743 INFO [main] org.apache.catalina.startup.VersionLoggerListener.log Command line argument: -Dcatalina.home=/home/dbartness001/CS331/TarpaulinLMS/WebServer
13-Apr-2024 00:00:22.743 INFO [main] org.apache.catalina.startup.VersionLoggerListener.log Command line argument: -Djava.io.tmpdir=/home/dbartness001/CS331/TarpaulinLMS/WebServer/temp
13-Apr-2024 00:00:22.752 INFO [main] org.apache.catalina.core.AprLifecycleListener.lifecycleEvent An older version [1.2.35] of the Apache Tomcat Native library is installed, while Tomcat recommends a minimum version of [2.0.5]
13-Apr-2024 00:00:22.752 INFO [main] org.apache.catalina.core.AprLifecycleListener.lifecycleEvent Loaded Apache Tomcat Native library [1.2.35] using APR version [1.6.3].
13-Apr-2024 00:00:22.754 INFO [main] org.apache.catalina.core.AprLifecycleListener.initializeSSL OpenSSL successfully initialized [OpenSSL 1.1.1k  FIPS 25 Mar 2021]
13-Apr-2024 00:00:23.190 INFO [main] org.apache.coyote.AbstractProtocol.init Initializing ProtocolHandler ["http-nio-8080"]
13-Apr-2024 00:00:23.228 INFO [main] org.apache.catalina.startup.Catalina.load Server initialization in [810] milliseconds
13-Apr-2024 00:00:23.353 INFO [main] org.apache.catalina.core.StandardService.startInternal Starting service [Catalina]
13-Apr-2024 00:00:23.353 INFO [main] org.apache.catalina.core.StandardEngine.startInternal Starting Servlet engine: [Apache Tomcat/10.1.20]
13-Apr-2024 00:00:23.387 INFO [main] org.apache.catalina.startup.HostConfig.deployDirectory Deploying web application directory [/net/home/dbartness001/CS331/TarpaulinLMS/WebServer/webapps/ROOT]
13-Apr-2024 00:00:24.720 INFO [main] org.apache.jasper.servlet.TldScanner.scanJars At least one JAR was scanned for TLDs yet contained no TLDs. Enable debug logging for this logger for a complete list of JARs that were scanned but no TLDs were found in them. Skipping unneeded JARs during scanning can improve startup time and JSP compilation time.
13-Apr-2024 00:00:24.922 INFO [main] org.apache.catalina.startup.HostConfig.deployDirectory Deployment of web application directory [/net/home/dbartness001/CS331/TarpaulinLMS/WebServer/webapps/ROOT] has finished in [1,518] ms
13-Apr-2024 00:00:24.942 INFO [main] org.apache.coyote.AbstractProtocol.start Starting ProtocolHandler ["http-nio-8080"]
13-Apr-2024 00:00:25.080 INFO [main] org.apache.catalina.startup.Catalina.start Server startup in [1851] milliseconds
13-Apr-2024 01:34:36.064 INFO [main] org.apache.catalina.startup.VersionLoggerListener.log Server version name:   Apache Tomcat/10.1.20
13-Apr-2024 01:34:36.067 INFO [main] org.apache.catalina.startup.VersionLoggerListener.log Server built:          Mar 19 2024 12:49:58 UTC
13-Apr-2024 01:34:36.067 INFO [main] org.apache.catalina.startup.VersionLoggerListener.log Server version number: 10.1.20.0
13-Apr-2024 01:34:36.067 INFO [main] org.apache.catalina.startup.VersionLoggerListener.log OS Name:               Linux
13-Apr-2024 01:34:36.067 INFO [main] org.apache.catalina.startup.VersionLoggerListener.log OS Version:            4.18.0-513.9.1.el8_9.x86_64
13-Apr-2024 01:34:36.067 INFO [main] org.apache.catalina.startup.VersionLoggerListener.log Architecture:          amd64
13-Apr-2024 01:34:36.067 INFO [main] org.apache.catalina.startup.VersionLoggerListener.log Java Home:             /usr/lib/jvm/java-11-openjdk-11.0.21.0.9-2.el8.x86_64
13-Apr-2024 01:34:36.067 INFO [main] org.apache.catalina.startup.VersionLoggerListener.log JVM Version:           11.0.21+9-LTS
13-Apr-2024 01:34:36.067 INFO [main] org.apache.catalina.startup.VersionLoggerListener.log JVM Vendor:            Red Hat, Inc.
13-Apr-2024 01:34:36.067 INFO [main] org.apache.catalina.startup.VersionLoggerListener.log CATALINA_BASE:         /net/home/dbartness001/CS331/TarpaulinLMS/WebServer
13-Apr-2024 01:34:36.067 INFO [main] org.apache.catalina.startup.VersionLoggerListener.log CATALINA_HOME:         /net/home/dbartness001/CS331/TarpaulinLMS/WebServer
13-Apr-2024 01:34:36.118 INFO [main] org.apache.catalina.startup.VersionLoggerListener.log Command line argument: -Djava.util.logging.config.file=/home/dbartness001/CS331/TarpaulinLMS/WebServer/conf/logging.properties
13-Apr-2024 01:34:36.118 INFO [main] org.apache.catalina.startup.VersionLoggerListener.log Command line argument: -Djava.util.logging.manager=org.apache.juli.ClassLoaderLogManager
13-Apr-2024 01:34:36.118 INFO [main] org.apache.catalina.startup.VersionLoggerListener.log Command line argument: -Djdk.tls.ephemeralDHKeySize=2048
13-Apr-2024 01:34:36.118 INFO [main] org.apache.catalina.startup.VersionLoggerListener.log Command line argument: -Djava.protocol.handler.pkgs=org.apache.catalina.webresources
13-Apr-2024 01:34:36.118 INFO [main] org.apache.catalina.startup.VersionLoggerListener.log Command line argument: -Dorg.apache.catalina.security.SecurityListener.UMASK=0027
13-Apr-2024 01:34:36.118 INFO [main] org.apache.catalina.startup.VersionLoggerListener.log Command line argument: --add-opens=java.base/java.lang=ALL-UNNAMED
13-Apr-2024 01:34:36.118 INFO [main] org.apache.catalina.startup.VersionLoggerListener.log Command line argument: --add-opens=java.base/java.io=ALL-UNNAMED
13-Apr-2024 01:34:36.118 INFO [main] org.apache.catalina.startup.VersionLoggerListener.log Command line argument: --add-opens=java.base/java.util=ALL-UNNAMED
13-Apr-2024 01:34:36.118 INFO [main] org.apache.catalina.startup.VersionLoggerListener.log Command line argument: --add-opens=java.base/java.util.concurrent=ALL-UNNAMED
13-Apr-2024 01:34:36.119 INFO [main] org.apache.catalina.startup.VersionLoggerListener.log Command line argument: --add-opens=java.rmi/sun.rmi.transport=ALL-UNNAMED
13-Apr-2024 01:34:36.119 INFO [main] org.apache.catalina.startup.VersionLoggerListener.log Command line argument: -Dcatalina.base=/home/dbartness001/CS331/TarpaulinLMS/WebServer
13-Apr-2024 01:34:36.119 INFO [main] org.apache.catalina.startup.VersionLoggerListener.log Command line argument: -Dcatalina.home=/home/dbartness001/CS331/TarpaulinLMS/WebServer
13-Apr-2024 01:34:36.119 INFO [main] org.apache.catalina.startup.VersionLoggerListener.log Command line argument: -Djava.io.tmpdir=/home/dbartness001/CS331/TarpaulinLMS/WebServer/temp
13-Apr-2024 01:34:36.140 INFO [main] org.apache.catalina.core.AprLifecycleListener.lifecycleEvent An older version [1.2.35] of the Apache Tomcat Native library is installed, while Tomcat recommends a minimum version of [2.0.5]
13-Apr-2024 01:34:36.140 INFO [main] org.apache.catalina.core.AprLifecycleListener.lifecycleEvent Loaded Apache Tomcat Native library [1.2.35] using APR version [1.6.3].
13-Apr-2024 01:34:36.146 INFO [main] org.apache.catalina.core.AprLifecycleListener.initializeSSL OpenSSL successfully initialized [OpenSSL 1.1.1k  FIPS 25 Mar 2021]
13-Apr-2024 01:34:36.608 INFO [main] org.apache.coyote.AbstractProtocol.init Initializing ProtocolHandler ["http-nio-8080"]
13-Apr-2024 01:34:36.658 INFO [main] org.apache.catalina.startup.Catalina.load Server initialization in [983] milliseconds
13-Apr-2024 01:34:36.727 INFO [main] org.apache.catalina.core.StandardService.startInternal Starting service [Catalina]
13-Apr-2024 01:34:36.727 INFO [main] org.apache.catalina.core.StandardEngine.startInternal Starting Servlet engine: [Apache Tomcat/10.1.20]
13-Apr-2024 01:34:36.746 INFO [main] org.apache.catalina.startup.HostConfig.deployDirectory Deploying web application directory [/net/home/dbartness001/CS331/TarpaulinLMS/WebServer/webapps/ROOT]
13-Apr-2024 01:34:37.683 INFO [main] org.apache.jasper.servlet.TldScanner.scanJars At least one JAR was scanned for TLDs yet contained no TLDs. Enable debug logging for this logger for a complete list of JARs that were scanned but no TLDs were found in them. Skipping unneeded JARs during scanning can improve startup time and JSP compilation time.
13-Apr-2024 01:34:37.807 INFO [main] org.apache.catalina.startup.HostConfig.deployDirectory Deployment of web application directory [/net/home/dbartness001/CS331/TarpaulinLMS/WebServer/webapps/ROOT] has finished in [1,061] ms
13-Apr-2024 01:34:37.812 INFO [main] org.apache.coyote.AbstractProtocol.start Starting ProtocolHandler ["http-nio-8080"]
13-Apr-2024 01:34:37.854 INFO [main] org.apache.catalina.startup.Catalina.start Server startup in [1196] milliseconds
